Arguments: 
  C:\Program Files\nodejs\node.exe C:\Users\Mr Gabriel\AppData\Roaming\npm\node_modules\yarn\bin\yarn.js remove webpack-dev-server

PATH: 
  C:\Program Files\Git\mingw64\bin;C:\Program Files\Git\usr\bin;C:\Users\Mr Gabriel\bin;C:\Program Files (x86)\Common Files\Intel\Shared Files\cpp\bin\Intel64;C:\ProgramData\Oracle\Java\javapath;C:\Windows\system32;C:\Windows;C:\Windows\System32\Wbem;C:\Windows\System32\WindowsPowerShell\v1.0;C:\Program Files\Git\cmd;C:\Program Files (x86)\Notepad++;C:\Program Files (x86)\Brackets\command;C:\Program Files\nodejs;C:\Program Files\Microsoft VS Code\bin;C:\Ruby24-x64\bin;C:\Users\Mr Gabriel\AppData\Local\Microsoft\WindowsApps;C:\Program Files\Microsoft VS Code\bin;C:\Users\Mr Gabriel\AppData\Roaming\npm;C:\Android\sdk\platform-tools;C:\Program Files\heroku\bin

Yarn version: 
  1.5.1

Node version: 
  8.9.4

Platform: 
  win32 x64

npm manifest: 
  {
    "name": "mealy",
    "version": "1.0.0",
    "main": "index.js",
    "author": "Gabriel Aniora <chybesta@gmail.com>",
    "license": "MIT",
    "engines": {
      "node": "8.9.4",
      "npm": "5.6.0"
    },
    "scripts": {
      "start": "node server/server.js",
      "build:dev": "webpack",
      "build:prod": "webpack -p --env production",
      "dev-server": "webpack-dev-server",
      "heroku-postbuild": "yarn run build:prod"
    },
    "dependencies": {
      "babel-cli": "6.24.1",
      "babel-core": "6.25.0",
      "babel-loader": "7.1.1",
      "babel-plugin-transform-class-properties": "6.24.1",
      "babel-preset-env": "1.5.2",
      "babel-preset-react": "6.24.1",
      "css-loader": "0.28.4",
      "express": "^4.16.3",
      "extract-text-webpack-plugin": "3.0.0",
      "file-loader": "^1.1.11",
      "lodash": "^4.17.10",
      "moment": "^2.22.1",
      "node-sass": "4.5.3",
      "normalize.css": "7.0.0",
      "react": "16.0.0",
      "react-dom": "16.0.0",
      "react-modal": "^3.4.4",
      "react-tooltip": "^3.6.0",
      "sass-loader": "6.0.6",
      "style-loader": "0.18.2",
      "webpack": "3.1.0",
      "webpack-dev-server": "2.5.1"
    }
  }

yarn manifest: 
  No manifest

Lockfile: 
  No lockfile

Trace: 
  Error: No lockfile in this directory. Run `yarn install` to generate one.
      at new MessageError (C:\Users\Mr Gabriel\AppData\Roaming\npm\node_modules\yarn\lib\cli.js:186:110)
      at C:\Users\Mr Gabriel\AppData\Roaming\npm\node_modules\yarn\lib\cli.js:89389:13
      at <anonymous>
